<?xml version="1.0" encoding="UTF-8"?>
<!-- Generated by org.testng.reporters.JUnitReportReporter -->
<testsuite hostname="Toumie-PC" failures="0" tests="2" name="tests.ChangeCurrencyTestC" time="6.648" errors="0" timestamp="2022-05-28T18:35:14 EET" skipped="0">
  <testcase classname="tests.ChangeCurrencyTestC" name="UserCanSearchForProduct" time="5.036"/>
  <system-out/>
  <testcase classname="tests.ChangeCurrencyTestC" name="UserCanChangeCurrency" time="1.612"/>
  <system-out/>
</testsuite> <!-- tests.ChangeCurrencyTestC -->
