<?xml version="1.0" encoding="UTF-8"?>
<!-- Generated by org.testng.reporters.JUnitReportReporter -->
<testsuite hostname="Toumie-PC" failures="0" tests="6" name="tests.UserRegistrationUsingRESTassured" time="3.240" errors="0" timestamp="2022-06-05T17:30:44 EET" skipped="0">
  <testcase classname="tests.UserRegistrationUsingRESTassured" name="TestWithRESTAssured1" time="0.215"/>
  <system-out/>
  <testcase classname="tests.UserRegistrationUsingRESTassured" name="TestPUTWithRESTAssured" time="0.374"/>
  <system-out/>
  <testcase classname="tests.UserRegistrationUsingRESTassured" name="TestPATCHWithRESTAssured" time="0.302"/>
  <system-out/>
  <testcase classname="tests.UserRegistrationUsingRESTassured" name="TestPOSTWithRESTAssured" time="0.301"/>
  <system-out/>
  <testcase classname="tests.UserRegistrationUsingRESTassured" name="TestDELETEWithRESTAssured" time="1.323"/>
  <system-out/>
  <testcase classname="tests.UserRegistrationUsingRESTassured" name="TestGETWithRESTAssured" time="0.725"/>
  <system-out/>
</testsuite> <!-- tests.UserRegistrationUsingRESTassured -->
