<?xml version="1.0" encoding="UTF-8"?>
<!-- Generated by org.testng.reporters.JUnitReportReporter -->
<testsuite hostname="Toumie-PC" failures="0" tests="1" name="tests.UserRegistrationTestCWithJavaFaker" time="5.748" errors="0" timestamp="2022-05-30T15:14:05 EET" skipped="0">
  <testcase classname="tests.UserRegistrationTestCWithJavaFaker" name="UserCanRegisterSuccessFully" time="5.748"/>
  <system-out/>
</testsuite> <!-- tests.UserRegistrationTestCWithJavaFaker -->
