<?xml version="1.0" encoding="UTF-8"?>
<!-- Generated by org.testng.reporters.JUnitReportReporter -->
<testsuite hostname="Toumie-PC" failures="0" tests="3" name="tests.AddProductReviewTestC" time="11.304" errors="0" timestamp="2022-05-28T21:26:24 EET" skipped="0">
  <testcase classname="tests.AddProductReviewTestC" name="UserCanRegisterSuccessFully" time="3.929"/>
  <system-out/>
  <testcase classname="tests.AddProductReviewTestC" name="UserCanSearchForProduct" time="5.378"/>
  <system-out/>
  <testcase classname="tests.AddProductReviewTestC" name="UserCanWriteReview" time="1.997"/>
  <system-out/>
</testsuite> <!-- tests.AddProductReviewTestC -->
