<?xml version="1.0" encoding="UTF-8"?>
<!-- Generated by org.testng.reporters.JUnitReportReporter -->
<testsuite hostname="Toumie-PC" failures="0" tests="1" name="steps.UserRegistration" time="0.009" errors="0" timestamp="2022-05-31T20:07:37 EET" skipped="0">
  <testcase classname="steps.UserRegistration" name="TBH" time="0.009"/>
  <system-out/>
</testsuite> <!-- steps.UserRegistration -->
