<?xml version="1.0" encoding="UTF-8"?>
<!-- Generated by org.testng.reporters.JUnitReportReporter -->
<testsuite hostname="Toumie-PC" failures="0" tests="3" name="tests.UserRegistrationTestCWithDDTandPropertiesFile" time="8.240" errors="0" timestamp="2022-05-29T22:25:36 EET" skipped="0">
  <testcase classname="tests.UserRegistrationTestCWithDDTandPropertiesFile" name="RegisteredUserCanLogin" time="3.575"/>
  <system-out/>
  <testcase classname="tests.UserRegistrationTestCWithDDTandPropertiesFile" name="RegisteredUserCanLogOut" time="0.811"/>
  <system-out/>
  <testcase classname="tests.UserRegistrationTestCWithDDTandPropertiesFile" name="UserCanRegisterSuccessFully" time="3.854"/>
  <system-out/>
</testsuite> <!-- tests.UserRegistrationTestCWithDDTandPropertiesFile -->
