<?xml version="1.0" encoding="UTF-8"?>
<!-- Generated by org.testng.reporters.JUnitReportReporter -->
<testsuite hostname="Toumie-PC" failures="0" tests="3" name="tests.UserRegistrationTestCWithDDTandExcel" time="18.375" errors="0" timestamp="2022-05-30T01:20:41 EET" skipped="0">
  <testcase classname="tests.UserRegistrationTestCWithDDTandExcel" name="UserCanRegisterSuccessFully" time="7.966"/>
  <system-out/>
  <testcase classname="tests.UserRegistrationTestCWithDDTandExcel" name="UserCanRegisterSuccessFully" time="5.298"/>
  <system-out/>
  <testcase classname="tests.UserRegistrationTestCWithDDTandExcel" name="UserCanRegisterSuccessFully" time="5.111"/>
  <system-out/>
</testsuite> <!-- tests.UserRegistrationTestCWithDDTandExcel -->
