<?xml version="1.0" encoding="UTF-8"?>
<!-- Generated by org.testng.reporters.JUnitReportReporter -->
<testsuite hostname="Toumie-PC" failures="0" tests="4" name="tests.UserRegistrationTestCWithDDTandDataProvider" time="22.324" errors="0" timestamp="2022-05-29T21:36:19 EET" skipped="0">
  <testcase classname="tests.UserRegistrationTestCWithDDTandDataProvider" name="UserCanRegisterSuccessFully" time="5.126"/>
  <system-out/>
  <testcase classname="tests.UserRegistrationTestCWithDDTandDataProvider" name="UserCanRegisterSuccessFully" time="5.046"/>
  <system-out/>
  <testcase classname="tests.UserRegistrationTestCWithDDTandDataProvider" name="UserCanRegisterSuccessFully" time="6.959"/>
  <system-out/>
  <testcase classname="tests.UserRegistrationTestCWithDDTandDataProvider" name="UserCanRegisterSuccessFully" time="5.193"/>
  <system-out/>
</testsuite> <!-- tests.UserRegistrationTestCWithDDTandDataProvider -->
