<?xml version="1.0" encoding="UTF-8"?>
<!-- Generated by org.testng.reporters.JUnitReportReporter -->
<testsuite hostname="Toumie-PC" failures="0" tests="5" name="tests.MyAccountTestC" time="8.164" errors="0" timestamp="2022-05-27T15:05:59 EET" skipped="0">
  <testcase classname="tests.MyAccountTestC" name="UserCanRegisterSuccessFully" time="2.473"/>
  <system-out/>
  <testcase classname="tests.MyAccountTestC" name="UserCanChangePasswordSuccessfully" time="3.139"/>
  <system-out/>
  <testcase classname="tests.MyAccountTestC" name="BackToHomePage" time="0.436"/>
  <system-out/>
  <testcase classname="tests.MyAccountTestC" name="RegisteredUserCanLogOut" time="0.725"/>
  <system-out/>
  <testcase classname="tests.MyAccountTestC" name="RegisteredUserCanLoginWithNewPassword" time="1.391"/>
  <system-out/>
</testsuite> <!-- tests.MyAccountTestC -->
