<?xml version="1.0" encoding="UTF-8"?>
<!-- Generated by org.testng.reporters.JUnitReportReporter -->
<testsuite hostname="Toumie-PC" failures="0" tests="1" name="tests.ContactUsTestC" time="1.792" errors="0" timestamp="2022-05-28T13:31:26 EET" skipped="0">
  <testcase classname="tests.ContactUsTestC" name="SendContactUsMessage" time="1.792"/>
  <system-out/>
</testsuite> <!-- tests.ContactUsTestC -->
