<?xml version="1.0" encoding="UTF-8"?>
<!-- Generated by org.testng.reporters.JUnitReportReporter -->
<testsuite hostname="Toumie-PC" failures="0" tests="1" name="tests.UserRegistrationTestCWithDDTandJSON" time="6.719" errors="0" timestamp="2022-05-30T14:41:42 EET" skipped="0">
  <testcase classname="tests.UserRegistrationTestCWithDDTandJSON" name="UserCanRegisterSuccessFully" time="6.719"/>
  <system-out/>
</testsuite> <!-- tests.UserRegistrationTestCWithDDTandJSON -->
