<?xml version="1.0" encoding="UTF-8"?>
<!-- Generated by org.testng.reporters.JUnitReportReporter -->
<testsuite hostname="Toumie-PC" failures="0" tests="1" name="tests.UserRegistrationTestCWithDDTandCSV" time="16.603" errors="0" timestamp="2022-05-30T12:35:59 EET" skipped="0">
  <testcase classname="tests.UserRegistrationTestCWithDDTandCSV" name="UserCanRegisterSuccessFully" time="16.603"/>
  <system-out/>
</testsuite> <!-- tests.UserRegistrationTestCWithDDTandCSV -->
