<?xml version="1.0" encoding="UTF-8"?>
<!-- Generated by org.testng.reporters.JUnitReportReporter -->
<testsuite hostname="Toumie-PC" failures="0" tests="1" name="tests.ProductHoverMenuTestC" time="5.337" errors="0" timestamp="2022-05-28T22:24:49 EET" skipped="0">
  <testcase classname="tests.ProductHoverMenuTestC" name="UserCanHoverToNoteBooksPage" time="5.337"/>
  <system-out/>
</testsuite> <!-- tests.ProductHoverMenuTestC -->
