<?xml version="1.0" encoding="UTF-8"?>
<!-- Generated by org.testng.reporters.JUnitReportReporter -->
<testsuite hostname="Toumie-PC" failures="0" tests="2" name="runner.TestRunner" time="9.682" errors="0" timestamp="2022-06-02T20:27:48 EET" skipped="0">
  <testcase classname="runner.TestRunner" name="runScenario" time="3.859"/>
  <system-out/>
  <testcase classname="runner.TestRunner" name="runScenario" time="5.823"/>
  <system-out/>
</testsuite> <!-- runner.TestRunner -->
