<?xml version="1.0" encoding="UTF-8"?>
<!-- Generated by org.testng.reporters.JUnitReportReporter -->
<testsuite hostname="Toumie-PC" failures="0" tests="1" name="tests.SearchProductUsingAutoSuggestTestC" time="5.842" errors="0" timestamp="2022-05-28T00:41:51 EET" skipped="0">
  <testcase classname="tests.SearchProductUsingAutoSuggestTestC" name="UserCanSearchForProductWithAutoSuggest" time="5.842"/>
  <system-out/>
</testsuite> <!-- tests.SearchProductUsingAutoSuggestTestC -->
