<?xml version="1.0" encoding="UTF-8"?>
<!-- Generated by org.testng.reporters.JUnitReportReporter -->
<testsuite hostname="Toumie-PC" failures="0" tests="1" name="runner.TestRunner" time="8.795" errors="0" timestamp="2022-06-02T15:42:57 EET" skipped="0">
  <testcase classname="runner.TestRunner" name="runScenario" time="8.795"/>
  <system-out/>
</testsuite> <!-- runner.TestRunner -->
