<?xml version="1.0" encoding="UTF-8"?>
<!-- Generated by org.testng.reporters.JUnitReportReporter -->
<testsuite hostname="Toumie-PC" failures="0" tests="1" name="tests.SearchProductTestC" time="6.837" errors="0" timestamp="2022-05-27T21:23:19 EET" skipped="0">
  <testcase classname="tests.SearchProductTestC" name="UserCanSearchForProduct" time="6.837"/>
  <system-out/>
</testsuite> <!-- tests.SearchProductTestC -->
