<?xml version="1.0" encoding="UTF-8"?>
<!-- Generated by org.testng.reporters.JUnitReportReporter -->
<testsuite hostname="Toumie-PC" failures="0" tests="4" name="tests.EmailAFriendTestC" time="7.515" errors="0" timestamp="2022-05-28T14:58:05 EET" skipped="0">
  <testcase classname="tests.EmailAFriendTestC" name="UserCanRegisterSuccessFully" time="2.419"/>
  <system-out/>
  <testcase classname="tests.EmailAFriendTestC" name="GoBackHome" time="0.607"/>
  <system-out/>
  <testcase classname="tests.EmailAFriendTestC" name="UserCanSearchForProduct" time="3.055"/>
  <system-out/>
  <testcase classname="tests.EmailAFriendTestC" name="UserCanEmailAFriend" time="1.434"/>
  <system-out/>
</testsuite> <!-- tests.EmailAFriendTestC -->
